<?xml version="1.0" encoding="UTF-8"?>
<!-- Generated by org.testng.reporters.JUnitXMLReporter -->
<testsuite hostname="Vika" ignored="0" name="Command line test" tests="1" failures="1" timestamp="11 окт 2018 21:06:20 GMT" time="0.012" errors="0">
  <testcase name="verifyString" time="0.0" classname="ru.example.PolyndromTest">
    <failure type="org.testng.TestNGException" message="
Cannot inject @Test annotated Method [verifyString] with [class java.lang.String].
For more information on native dependency injection please refer to http://testng.org/doc/documentation-main.html#native-dependency-injection">
      <![CDATA[org.testng.TestNGException: 
Cannot inject @Test annotated Method [verifyString] with [class java.lang.String].
For more information on native dependency injection please refer to http://testng.org/doc/documentation-main.html#native-dependency-injection
... Removed 34 stack frames]]>
    </failure>
  </testcase> <!-- verifyString -->
</testsuite> <!-- Command line test -->
